
1. Tests of typical constructor:
Chapter chap1(1);
  chap1.display():  Chapter 1: 一 二 三 四 五 六 七 八 九 十 百 千 万 円 口 目 
Chapter chap2(2);
  chap2.display():  Chapter 2: 日 月 火 水 木 金 土 曜 本 人 今 寺 時 半 刀 分 
Chapter chap3(3);
  chap3.display():  Chapter 3: 上 下 中 外 右 工 左 前 後 午 門 間 東 西 南 北 
Chapter chap4(4);
  chap4.display():  Chapter 4: 田 力 男 女 子 学 生 先 何 父 母 年 去 毎 王 国 
Chapter chap5(5);
  chap5.display():  Chapter 5: 見 行 米 来 良 食 飲 会 耳 聞 言 話 立 待 周 週 

4. Initial display() of all variables:
  chap1.display():  Chapter 1: 一 二 三 四 五 六 七 八 九 十 百 千 万 円 口 目 
  chap2.display():  Chapter 2: 日 月 火 水 木 金 土 曜 本 人 今 寺 時 半 刀 分 
  chap3.display():  Chapter 3: 上 下 中 外 右 工 左 前 後 午 門 間 東 西 南 北 
  chap4.display():  Chapter 4: 田 力 男 女 子 学 生 先 何 父 母 年 去 毎 王 国 
  chap5.display():  Chapter 5: 見 行 米 来 良 食 飲 会 耳 聞 言 話 立 待 周 週 

6. Test of get_ methods:
  chap4.get_character(1):  田

  chap2.display_kstats(12):  2 月 month/moon がつ,げつ つき

  chap5.display_kstats("待"):  5 待 to_wait たい ま

  chap4.display_kstats("食"):  4 国 country こく くに

  chap3.make_chstring():  3 上 up じょう うえ,あ
3 下 down か,げ した,さ
3 中 middle ちゅう,じゅう なか
3 外 outside がい,げ そと,ほか
3 右 right ゆう みぎ
3 工 craft こう,く none
3 左 left さ ひだり
3 前 before/front ぜん まえ
3 後 back/after ご うし,あと
3 午 noon ご none
3 門 gate もん かど
3 間 between かん あいだ,ま
3 東 east とう ひがし
3 西 west せい,さい にし
3 南 south なん みなみ
3 北 north ほく きた


9. final display() of all variables:
  chap1.display():  Chapter 1: 一 二 三 四 五 六 七 八 九 十 百 千 万 円 口 目 
  chap2.display():  Chapter 2: 日 月 火 水 木 金 土 曜 本 人 今 寺 時 半 刀 分 
  chap3.display():  Chapter 3: 上 下 中 外 右 工 左 前 後 午 門 間 東 西 南 北 
  chap4.display():  Chapter 4: 田 力 男 女 子 学 生 先 何 父 母 年 去 毎 王 国 
  chap5.display():  Chapter 5: 見 行 米 来 良 食 飲 会 耳 聞 言 話 立 待 周 週 

display all chapters
Chapter 1: 一 二 三 四 五 六 七 八 九 十 百 千 万 円 口 目 
Chapter 2: 日 月 火 水 木 金 土 曜 本 人 今 寺 時 半 刀 分 
Chapter 3: 上 下 中 外 右 工 左 前 後 午 門 間 東 西 南 北 
Chapter 4: 田 力 男 女 子 学 生 先 何 父 母 年 去 毎 王 国 
Chapter 5: 見 行 米 来 良 食 飲 会 耳 聞 言 話 立 待 周 週 
Chapter 6: 大 小 高 安 新 古 元 気 多 少 広 早 長 明 好 友 
Chapter 7: 入 出 市 町 村 雨 電 車 馬 駅 社 校 店 銀 病 院 
Chapter 8: 休 走 起 貝 買 売 読 書 帰 勉 弓 虫 強 持 名 語 
Chapter 9: 春 夏 秋 冬 朝 昼 夕 方 晩 夜 心 手 足 体 首 道 
Chapter 10: 山 川 林 森 空 海 化 花 天 赤 青 白 黒 色 魚 犬 
